<?xml version="1.0" encoding="UTF-8"?>
<!-- Generated by org.testng.reporters.JUnitReportReporter -->
<testsuite hostname="LAPTOP-HS5RCHRC" name="restAPITest.getAPI" tests="1" failures="0" timestamp="14 Mar 2020 09:28:02 GMT" time="3.504" errors="0">
  <testcase name="getTest" time="3.504" classname="restAPITest.getAPI"/>
</testsuite> <!-- restAPITest.getAPI -->
